ServerResponse {
  _events:
   [Object: null prototype] { finish: [Function: bound resOnFinish] },
  _eventsCount: 1,
  _maxListeners: undefined,
  output: [],
  outputEncodings: [],
  outputCallbacks: [],
  outputSize: 0,
  writable: true,
  _last: false,
  chunkedEncoding: false,
  shouldKeepAlive: true,
  useChunkedEncodingByDefault: true,
  sendDate: true,
  _removedConnection: false,
  _removedContLen: false,
  _removedTE: false,
  _contentLength: null,
  _hasBody: true,
  _trailer: '',
  finished: false,
  _headerSent: false,
  socket:
   Socket {
     connecting: false,
     _hadError: false,
     _handle:
      TCP {
        reading: true,
        onread: [Function: onStreamRead],
        onconnection: null,
        _consumed: true,
        [Symbol(owner)]: [Circular] },
     _parent: null,
     _host: null,
     _readableState:
      ReadableState {
        objectMode: false,
        highWaterMark: 16384,
        buffer: BufferList { head: null, tail: null, length: 0 },
        length: 0,
        pipes: null,
        pipesCount: 0,
        flowing: true,
        ended: false,
        endEmitted: false,
        reading: true,
        sync: false,
        needReadable: true,
        emittedReadable: false,
        readableListening: false,
        resumeScheduled: false,
        paused: false,
        emitClose: false,
        destroyed: false,
        defaultEncoding: 'utf8',
        awaitDrain: 0,
        readingMore: false,
        decoder: null,
        encoding: null },
     readable: true,
     _events:
      [Object: null prototype] {
        end: [Array],
        drain: [Array],
        timeout: [Function: socketOnTimeout],
        data: [Function: bound socketOnData],
        error: [Function: socketOnError],
        close: [Array],
        resume: [Function: onSocketResume],
        pause: [Function: onSocketPause] },
     _eventsCount: 8,
     _maxListeners: undefined,
     _writableState:
      WritableState {
        objectMode: false,
        highWaterMark: 16384,
        finalCalled: false,
        needDrain: false,
        ending: false,
        ended: false,
        finished: false,
        destroyed: false,
        decodeStrings: false,
        defaultEncoding: 'utf8',
        length: 0,
        writing: false,
        corked: 0,
        sync: false,
        bufferProcessing: false,
        onwrite: [Function: bound onwrite],
        writecb: null,
        writelen: 0,
        bufferedRequest: null,
        lastBufferedRequest: null,
        pendingcb: 0,
        prefinished: false,
        errorEmitted: false,
        emitClose: false,
        bufferedRequestCount: 0,
        corkedRequestsFree: [Object] },
     writable: true,
     allowHalfOpen: true,
     _sockname: null,
     _pendingData: null,
     _pendingEncoding: '',
     server:
      Server {
        _events: [Object],
        _eventsCount: 3,
        _maxListeners: undefined,
        _connections: 3,
        _handle: [TCP],
        _usingWorkers: false,
        _workers: [],
        _unref: false,
        allowHalfOpen: true,
        pauseOnConnect: false,
        httpAllowHalfOpen: false,
        timeout: 120000,
        keepAliveTimeout: 5000,
        _pendingResponseData: 0,
        maxHeadersCount: null,
        headersTimeout: 40000,
        kill: [Function],
        _connectionKey: '4:127.0.0.1:8088',
        [Symbol(IncomingMessage)]: [Function],
        [Symbol(ServerResponse)]: [Function],
        [Symbol(asyncId)]: 41 },
     _server:
      Server {
        _events: [Object],
        _eventsCount: 3,
        _maxListeners: undefined,
        _connections: 3,
        _handle: [TCP],
        _usingWorkers: false,
        _workers: [],
        _unref: false,
        allowHalfOpen: true,
        pauseOnConnect: false,
        httpAllowHalfOpen: false,
        timeout: 120000,
        keepAliveTimeout: 5000,
        _pendingResponseData: 0,
        maxHeadersCount: null,
        headersTimeout: 40000,
        kill: [Function],
        _connectionKey: '4:127.0.0.1:8088',
        [Symbol(IncomingMessage)]: [Function],
        [Symbol(ServerResponse)]: [Function],
        [Symbol(asyncId)]: 41 },
     timeout: 120000,
     parser:
      HTTPParser {
        '0': [Function: parserOnHeaders],
        '1': [Function: parserOnHeadersComplete],
        '2': [Function: parserOnBody],
        '3': [Function: parserOnMessageComplete],
        '4': [Function: bound onParserExecute],
        _headers: [],
        _url: '',
        socket: [Circular],
        incoming: [IncomingMessage],
        outgoing: null,
        maxHeaderPairs: 2000,
        _consumed: true,
        onIncoming: [Function: bound parserOnIncoming],
        parsingHeadersStart: 0,
        [Symbol(isReused)]: false },
     on: [Function: socketOnWrap],
     _paused: false,
     _httpMessage: [Circular],
     [Symbol(asyncId)]: 429,
     [Symbol(lastWriteQueueSize)]: 0,
     [Symbol(timeout)]:
      Timeout {
        _called: false,
        _idleTimeout: 120000,
        _idlePrev: [TimersList],
        _idleNext: [TimersList],
        _idleStart: 8050,
        _onTimeout: [Function: bound ],
        _timerArgs: undefined,
        _repeat: null,
        _destroyed: false,
        [Symbol(unrefed)]: true,
        [Symbol(asyncId)]: 117672,
        [Symbol(triggerId)]: 432 },
     [Symbol(kBytesRead)]: 0,
     [Symbol(kBytesWritten)]: 0 },
  connection:
   Socket {
     connecting: false,
     _hadError: false,
     _handle:
      TCP {
        reading: true,
        onread: [Function: onStreamRead],
        onconnection: null,
        _consumed: true,
        [Symbol(owner)]: [Circular] },
     _parent: null,
     _host: null,
     _readableState:
      ReadableState {
        objectMode: false,
        highWaterMark: 16384,
        buffer: BufferList { head: null, tail: null, length: 0 },
        length: 0,
        pipes: null,
        pipesCount: 0,
        flowing: true,
        ended: false,
        endEmitted: false,
        reading: true,
        sync: false,
        needReadable: true,
        emittedReadable: false,
        readableListening: false,
        resumeScheduled: false,
        paused: false,
        emitClose: false,
        destroyed: false,
        defaultEncoding: 'utf8',
        awaitDrain: 0,
        readingMore: false,
        decoder: null,
        encoding: null },
     readable: true,
     _events:
      [Object: null prototype] {
        end: [Array],
        drain: [Array],
        timeout: [Function: socketOnTimeout],
        data: [Function: bound socketOnData],
        error: [Function: socketOnError],
        close: [Array],
        resume: [Function: onSocketResume],
        pause: [Function: onSocketPause] },
     _eventsCount: 8,
     _maxListeners: undefined,
     _writableState:
      WritableState {
        objectMode: false,
        highWaterMark: 16384,
        finalCalled: false,
        needDrain: false,
        ending: false,
        ended: false,
        finished: false,
        destroyed: false,
        decodeStrings: false,
        defaultEncoding: 'utf8',
        length: 0,
        writing: false,
        corked: 0,
        sync: false,
        bufferProcessing: false,
        onwrite: [Function: bound onwrite],
        writecb: null,
        writelen: 0,
        bufferedRequest: null,
        lastBufferedRequest: null,
        pendingcb: 0,
        prefinished: false,
        errorEmitted: false,
        emitClose: false,
        bufferedRequestCount: 0,
        corkedRequestsFree: [Object] },
     writable: true,
     allowHalfOpen: true,
     _sockname: null,
     _pendingData: null,
     _pendingEncoding: '',
     server:
      Server {
        _events: [Object],
        _eventsCount: 3,
        _maxListeners: undefined,
        _connections: 3,
        _handle: [TCP],
        _usingWorkers: false,
        _workers: [],
        _unref: false,
        allowHalfOpen: true,
        pauseOnConnect: false,
        httpAllowHalfOpen: false,
        timeout: 120000,
        keepAliveTimeout: 5000,
        _pendingResponseData: 0,
        maxHeadersCount: null,
        headersTimeout: 40000,
        kill: [Function],
        _connectionKey: '4:127.0.0.1:8088',
        [Symbol(IncomingMessage)]: [Function],
        [Symbol(ServerResponse)]: [Function],
        [Symbol(asyncId)]: 41 },
     _server:
      Server {
        _events: [Object],
        _eventsCount: 3,
        _maxListeners: undefined,
        _connections: 3,
        _handle: [TCP],
        _usingWorkers: false,
        _workers: [],
        _unref: false,
        allowHalfOpen: true,
        pauseOnConnect: false,
        httpAllowHalfOpen: false,
        timeout: 120000,
        keepAliveTimeout: 5000,
        _pendingResponseData: 0,
        maxHeadersCount: null,
        headersTimeout: 40000,
        kill: [Function],
        _connectionKey: '4:127.0.0.1:8088',
        [Symbol(IncomingMessage)]: [Function],
        [Symbol(ServerResponse)]: [Function],
        [Symbol(asyncId)]: 41 },
     timeout: 120000,
     parser:
      HTTPParser {
        '0': [Function: parserOnHeaders],
        '1': [Function: parserOnHeadersComplete],
        '2': [Function: parserOnBody],
        '3': [Function: parserOnMessageComplete],
        '4': [Function: bound onParserExecute],
        _headers: [],
        _url: '',
        socket: [Circular],
        incoming: [IncomingMessage],
        outgoing: null,
        maxHeaderPairs: 2000,
        _consumed: true,
        onIncoming: [Function: bound parserOnIncoming],
        parsingHeadersStart: 0,
        [Symbol(isReused)]: false },
     on: [Function: socketOnWrap],
     _paused: false,
     _httpMessage: [Circular],
     [Symbol(asyncId)]: 429,
     [Symbol(lastWriteQueueSize)]: 0,
     [Symbol(timeout)]:
      Timeout {
        _called: false,
        _idleTimeout: 120000,
        _idlePrev: [TimersList],
        _idleNext: [TimersList],
        _idleStart: 8050,
        _onTimeout: [Function: bound ],
        _timerArgs: undefined,
        _repeat: null,
        _destroyed: false,
        [Symbol(unrefed)]: true,
        [Symbol(asyncId)]: 117672,
        [Symbol(triggerId)]: 432 },
     [Symbol(kBytesRead)]: 0,
     [Symbol(kBytesWritten)]: 0 },
  _header: null,
  _onPendingData: [Function: bound updateOutgoingData],
  _sent100: false,
  _expect_continue: false,
  req:
   IncomingMessage {
     _readableState:
      ReadableState {
        objectMode: false,
        highWaterMark: 16384,
        buffer: BufferList { head: null, tail: null, length: 0 },
        length: 0,
        pipes: null,
        pipesCount: 0,
        flowing: null,
        ended: false,
        endEmitted: false,
        reading: false,
        sync: true,
        needReadable: false,
        emittedReadable: false,
        readableListening: false,
        resumeScheduled: false,
        paused: true,
        emitClose: true,
        destroyed: false,
        defaultEncoding: 'utf8',
        awaitDrain: 0,
        readingMore: true,
        decoder: null,
        encoding: null },
     readable: true,
     _events:
      [Object: null prototype] { end: [Function: resetHeadersTimeoutOnReqEnd] },
     _eventsCount: 1,
     _maxListeners: undefined,
     socket:
      Socket {
        connecting: false,
        _hadError: false,
        _handle: [TCP],
        _parent: null,
        _host: null,
        _readableState: [ReadableState],
        readable: true,
        _events: [Object],
        _eventsCount: 8,
        _maxListeners: undefined,
        _writableState: [WritableState],
        writable: true,
        allowHalfOpen: true,
        _sockname: null,
        _pendingData: null,
        _pendingEncoding: '',
        server: [Server],
        _server: [Server],
        timeout: 120000,
        parser: [HTTPParser],
        on: [Function: socketOnWrap],
        _paused: false,
        _httpMessage: [Circular],
        [Symbol(asyncId)]: 429,
        [Symbol(lastWriteQueueSize)]: 0,
        [Symbol(timeout)]:
         Timeout {
           _called: false,
           _idleTimeout: 120000,
           _idlePrev: [TimersList],
           _idleNext: [TimersList],
           _idleStart: 8050,
           _onTimeout: [Function: bound ],
           _timerArgs: undefined,
           _repeat: null,
           _destroyed: false,
           [Symbol(unrefed)]: true,
           [Symbol(asyncId)]: 117672,
           [Symbol(triggerId)]: 432 },
        [Symbol(kBytesRead)]: 0,
        [Symbol(kBytesWritten)]: 0 },
     connection:
      Socket {
        connecting: false,
        _hadError: false,
        _handle: [TCP],
        _parent: null,
        _host: null,
        _readableState: [ReadableState],
        readable: true,
        _events: [Object],
        _eventsCount: 8,
        _maxListeners: undefined,
        _writableState: [WritableState],
        writable: true,
        allowHalfOpen: true,
        _sockname: null,
        _pendingData: null,
        _pendingEncoding: '',
        server: [Server],
        _server: [Server],
        timeout: 120000,
        parser: [HTTPParser],
        on: [Function: socketOnWrap],
        _paused: false,
        _httpMessage: [Circular],
        [Symbol(asyncId)]: 429,
        [Symbol(lastWriteQueueSize)]: 0,
        [Symbol(timeout)]:
         Timeout {
           _called: false,
           _idleTimeout: 120000,
           _idlePrev: [TimersList],
           _idleNext: [TimersList],
           _idleStart: 8050,
           _onTimeout: [Function: bound ],
           _timerArgs: undefined,
           _repeat: null,
           _destroyed: false,
           [Symbol(unrefed)]: true,
           [Symbol(asyncId)]: 117672,
           [Symbol(triggerId)]: 432 },
        [Symbol(kBytesRead)]: 0,
        [Symbol(kBytesWritten)]: 0 },
     httpVersionMajor: 1,
     httpVersionMinor: 1,
     httpVersion: '1.1',
     complete: false,
     headers:
      { host: 'localhost:8088',
        connection: 'keep-alive',
        accept: 'application/json, text/plain, */*',
        'user-agent':
         'Mozilla/5.0 (Windows NT 10.0; Win64; x64) AppleWebKit/537.36 (KHTML, like Gecko) Chrome/78.0.3904.70 Safari/537.36',
        'sec-fetch-site': 'same-origin',
        'sec-fetch-mode': 'cors',
        referer: 'http://localhost:8088/',
        'accept-encoding': 'gzip, deflate, br',
        'accept-language': 'zh-CN,zh;q=0.9',
        cookie:
         'JSESSIONID=51EA104411207BFF6B28C9C85507C9C3; loginUserName=admin1; _S=0; portal=http%3A%2F%2Flocalhost%3A8088%2Fportal; SSO_COOKIE_KEY=cb154785-b263-4bc6-a429-847224ee9fc1' },
     rawHeaders:
      [ 'Host',
        'localhost:8088',
        'Connection',
        'keep-alive',
        'Accept',
        'application/json, text/plain, */*',
        'User-Agent',
        'Mozilla/5.0 (Windows NT 10.0; Win64; x64) AppleWebKit/537.36 (KHTML, like Gecko) Chrome/78.0.3904.70 Safari/537.36',
        'Sec-Fetch-Site',
        'same-origin',
        'Sec-Fetch-Mode',
        'cors',
        'Referer',
        'http://localhost:8088/',
        'Accept-Encoding',
        'gzip, deflate, br',
        'Accept-Language',
        'zh-CN,zh;q=0.9',
        'Cookie',
        'JSESSIONID=51EA104411207BFF6B28C9C85507C9C3; loginUserName=admin1; _S=0; portal=http%3A%2F%2Flocalhost%3A8088%2Fportal; SSO_COOKIE_KEY=cb154785-b263-4bc6-a429-847224ee9fc1' ],
     trailers: {},
     rawTrailers: [],
     aborted: false,
     upgrade: false,
     url: '/portal/config',
     method: 'GET',
     statusCode: null,
     statusMessage: null,
     client:
      Socket {
        connecting: false,
        _hadError: false,
        _handle: [TCP],
        _parent: null,
        _host: null,
        _readableState: [ReadableState],
        readable: true,
        _events: [Object],
        _eventsCount: 8,
        _maxListeners: undefined,
        _writableState: [WritableState],
        writable: true,
        allowHalfOpen: true,
        _sockname: null,
        _pendingData: null,
        _pendingEncoding: '',
        server: [Server],
        _server: [Server],
        timeout: 120000,
        parser: [HTTPParser],
        on: [Function: socketOnWrap],
        _paused: false,
        _httpMessage: [Circular],
        [Symbol(asyncId)]: 429,
        [Symbol(lastWriteQueueSize)]: 0,
        [Symbol(timeout)]:
         Timeout {
           _called: false,
           _idleTimeout: 120000,
           _idlePrev: [TimersList],
           _idleNext: [TimersList],
           _idleStart: 8050,
           _onTimeout: [Function: bound ],
           _timerArgs: undefined,
           _repeat: null,
           _destroyed: false,
           [Symbol(unrefed)]: true,
           [Symbol(asyncId)]: 117672,
           [Symbol(triggerId)]: 432 },
        [Symbol(kBytesRead)]: 0,
        [Symbol(kBytesWritten)]: 0 },
     _consuming: false,
     _dumped: false,
     next: [Function: next],
     baseUrl: '',
     originalUrl: '/portal/config',
     _parsedUrl:
      Url {
        protocol: null,
        slashes: null,
        auth: null,
        host: null,
        port: null,
        hostname: null,
        hash: null,
        search: null,
        query: null,
        pathname: '/portal/config',
        path: '/portal/config',
        href: '/portal/config',
        _raw: '/portal/config' },
     params: {},
     query: {},
     res: [Circular],
     route: Route { path: '*', stack: [Array], methods: [Object] } },
  locals: [Object: null prototype] {},
  [Symbol(isCorked)]: false,
  [Symbol(outHeadersKey)]:
   [Object: null prototype] { 'x-powered-by': [ 'X-Powered-By', 'Express' ] } }
ServerResponse {
  _events:
   [Object: null prototype] { finish: [Function: bound resOnFinish] },
  _eventsCount: 1,
  _maxListeners: undefined,
  output: [],
  outputEncodings: [],
  outputCallbacks: [],
  outputSize: 0,
  writable: true,
  _last: false,
  chunkedEncoding: false,
  shouldKeepAlive: true,
  useChunkedEncodingByDefault: true,
  sendDate: true,
  _removedConnection: false,
  _removedContLen: false,
  _removedTE: false,
  _contentLength: null,
  _hasBody: true,
  _trailer: '',
  finished: false,
  _headerSent: false,
  socket:
   Socket {
     connecting: false,
     _hadError: false,
     _handle:
      TCP {
        reading: true,
        onread: [Function: onStreamRead],
        onconnection: null,
        _consumed: true,
        [Symbol(owner)]: [Circular] },
     _parent: null,
     _host: null,
     _readableState:
      ReadableState {
        objectMode: false,
        highWaterMark: 16384,
        buffer: BufferList { head: null, tail: null, length: 0 },
        length: 0,
        pipes: null,
        pipesCount: 0,
        flowing: true,
        ended: false,
        endEmitted: false,
        reading: true,
        sync: false,
        needReadable: true,
        emittedReadable: false,
        readableListening: false,
        resumeScheduled: false,
        paused: false,
        emitClose: false,
        destroyed: false,
        defaultEncoding: 'utf8',
        awaitDrain: 0,
        readingMore: false,
        decoder: null,
        encoding: null },
     readable: true,
     _events:
      [Object: null prototype] {
        end: [Array],
        drain: [Array],
        timeout: [Function: socketOnTimeout],
        data: [Function: bound socketOnData],
        error: [Function: socketOnError],
        close: [Array],
        resume: [Function: onSocketResume],
        pause: [Function: onSocketPause] },
     _eventsCount: 8,
     _maxListeners: undefined,
     _writableState:
      WritableState {
        objectMode: false,
        highWaterMark: 16384,
        finalCalled: false,
        needDrain: false,
        ending: false,
        ended: false,
        finished: false,
        destroyed: false,
        decodeStrings: false,
        defaultEncoding: 'utf8',
        length: 0,
        writing: false,
        corked: 0,
        sync: false,
        bufferProcessing: false,
        onwrite: [Function: bound onwrite],
        writecb: null,
        writelen: 0,
        bufferedRequest: null,
        lastBufferedRequest: null,
        pendingcb: 0,
        prefinished: false,
        errorEmitted: false,
        emitClose: false,
        bufferedRequestCount: 0,
        corkedRequestsFree: [Object] },
     writable: true,
     allowHalfOpen: true,
     _sockname: null,
     _pendingData: null,
     _pendingEncoding: '',
     server:
      Server {
        _events: [Object],
        _eventsCount: 3,
        _maxListeners: undefined,
        _connections: 3,
        _handle: [TCP],
        _usingWorkers: false,
        _workers: [],
        _unref: false,
        allowHalfOpen: true,
        pauseOnConnect: false,
        httpAllowHalfOpen: false,
        timeout: 120000,
        keepAliveTimeout: 5000,
        _pendingResponseData: 0,
        maxHeadersCount: null,
        headersTimeout: 40000,
        kill: [Function],
        _connectionKey: '4:127.0.0.1:8088',
        [Symbol(IncomingMessage)]: [Function],
        [Symbol(ServerResponse)]: [Function],
        [Symbol(asyncId)]: 41 },
     _server:
      Server {
        _events: [Object],
        _eventsCount: 3,
        _maxListeners: undefined,
        _connections: 3,
        _handle: [TCP],
        _usingWorkers: false,
        _workers: [],
        _unref: false,
        allowHalfOpen: true,
        pauseOnConnect: false,
        httpAllowHalfOpen: false,
        timeout: 120000,
        keepAliveTimeout: 5000,
        _pendingResponseData: 0,
        maxHeadersCount: null,
        headersTimeout: 40000,
        kill: [Function],
        _connectionKey: '4:127.0.0.1:8088',
        [Symbol(IncomingMessage)]: [Function],
        [Symbol(ServerResponse)]: [Function],
        [Symbol(asyncId)]: 41 },
     timeout: 120000,
     parser:
      HTTPParser {
        '0': [Function: parserOnHeaders],
        '1': [Function: parserOnHeadersComplete],
        '2': [Function: parserOnBody],
        '3': [Function: parserOnMessageComplete],
        '4': [Function: bound onParserExecute],
        _headers: [],
        _url: '',
        socket: [Circular],
        incoming: [IncomingMessage],
        outgoing: null,
        maxHeaderPairs: 2000,
        _consumed: true,
        onIncoming: [Function: bound parserOnIncoming],
        parsingHeadersStart: 0,
        [Symbol(isReused)]: false },
     on: [Function: socketOnWrap],
     _paused: false,
     _httpMessage: [Circular],
     [Symbol(asyncId)]: 2060,
     [Symbol(lastWriteQueueSize)]: 0,
     [Symbol(timeout)]:
      Timeout {
        _called: false,
        _idleTimeout: 120000,
        _idlePrev: [TimersList],
        _idleNext: [Timeout],
        _idleStart: 8059,
        _onTimeout: [Function: bound ],
        _timerArgs: undefined,
        _repeat: null,
        _destroyed: false,
        [Symbol(unrefed)]: true,
        [Symbol(asyncId)]: 117685,
        [Symbol(triggerId)]: 2062 },
     [Symbol(kBytesRead)]: 0,
     [Symbol(kBytesWritten)]: 0 },
  connection:
   Socket {
     connecting: false,
     _hadError: false,
     _handle:
      TCP {
        reading: true,
        onread: [Function: onStreamRead],
        onconnection: null,
        _consumed: true,
        [Symbol(owner)]: [Circular] },
     _parent: null,
     _host: null,
     _readableState:
      ReadableState {
        objectMode: false,
        highWaterMark: 16384,
        buffer: BufferList { head: null, tail: null, length: 0 },
        length: 0,
        pipes: null,
        pipesCount: 0,
        flowing: true,
        ended: false,
        endEmitted: false,
        reading: true,
        sync: false,
        needReadable: true,
        emittedReadable: false,
        readableListening: false,
        resumeScheduled: false,
        paused: false,
        emitClose: false,
        destroyed: false,
        defaultEncoding: 'utf8',
        awaitDrain: 0,
        readingMore: false,
        decoder: null,
        encoding: null },
     readable: true,
     _events:
      [Object: null prototype] {
        end: [Array],
        drain: [Array],
        timeout: [Function: socketOnTimeout],
        data: [Function: bound socketOnData],
        error: [Function: socketOnError],
        close: [Array],
        resume: [Function: onSocketResume],
        pause: [Function: onSocketPause] },
     _eventsCount: 8,
     _maxListeners: undefined,
     _writableState:
      WritableState {
        objectMode: false,
        highWaterMark: 16384,
        finalCalled: false,
        needDrain: false,
        ending: false,
        ended: false,
        finished: false,
        destroyed: false,
        decodeStrings: false,
        defaultEncoding: 'utf8',
        length: 0,
        writing: false,
        corked: 0,
        sync: false,
        bufferProcessing: false,
        onwrite: [Function: bound onwrite],
        writecb: null,
        writelen: 0,
        bufferedRequest: null,
        lastBufferedRequest: null,
        pendingcb: 0,
        prefinished: false,
        errorEmitted: false,
        emitClose: false,
        bufferedRequestCount: 0,
        corkedRequestsFree: [Object] },
     writable: true,
     allowHalfOpen: true,
     _sockname: null,
     _pendingData: null,
     _pendingEncoding: '',
     server:
      Server {
        _events: [Object],
        _eventsCount: 3,
        _maxListeners: undefined,
        _connections: 3,
        _handle: [TCP],
        _usingWorkers: false,
        _workers: [],
        _unref: false,
        allowHalfOpen: true,
        pauseOnConnect: false,
        httpAllowHalfOpen: false,
        timeout: 120000,
        keepAliveTimeout: 5000,
        _pendingResponseData: 0,
        maxHeadersCount: null,
        headersTimeout: 40000,
        kill: [Function],
        _connectionKey: '4:127.0.0.1:8088',
        [Symbol(IncomingMessage)]: [Function],
        [Symbol(ServerResponse)]: [Function],
        [Symbol(asyncId)]: 41 },
     _server:
      Server {
        _events: [Object],
        _eventsCount: 3,
        _maxListeners: undefined,
        _connections: 3,
        _handle: [TCP],
        _usingWorkers: false,
        _workers: [],
        _unref: false,
        allowHalfOpen: true,
        pauseOnConnect: false,
        httpAllowHalfOpen: false,
        timeout: 120000,
        keepAliveTimeout: 5000,
        _pendingResponseData: 0,
        maxHeadersCount: null,
        headersTimeout: 40000,
        kill: [Function],
        _connectionKey: '4:127.0.0.1:8088',
        [Symbol(IncomingMessage)]: [Function],
        [Symbol(ServerResponse)]: [Function],
        [Symbol(asyncId)]: 41 },
     timeout: 120000,
     parser:
      HTTPParser {
        '0': [Function: parserOnHeaders],
        '1': [Function: parserOnHeadersComplete],
        '2': [Function: parserOnBody],
        '3': [Function: parserOnMessageComplete],
        '4': [Function: bound onParserExecute],
        _headers: [],
        _url: '',
        socket: [Circular],
        incoming: [IncomingMessage],
        outgoing: null,
        maxHeaderPairs: 2000,
        _consumed: true,
        onIncoming: [Function: bound parserOnIncoming],
        parsingHeadersStart: 0,
        [Symbol(isReused)]: false },
     on: [Function: socketOnWrap],
     _paused: false,
     _httpMessage: [Circular],
     [Symbol(asyncId)]: 2060,
     [Symbol(lastWriteQueueSize)]: 0,
     [Symbol(timeout)]:
      Timeout {
        _called: false,
        _idleTimeout: 120000,
        _idlePrev: [TimersList],
        _idleNext: [Timeout],
        _idleStart: 8059,
        _onTimeout: [Function: bound ],
        _timerArgs: undefined,
        _repeat: null,
        _destroyed: false,
        [Symbol(unrefed)]: true,
        [Symbol(asyncId)]: 117685,
        [Symbol(triggerId)]: 2062 },
     [Symbol(kBytesRead)]: 0,
     [Symbol(kBytesWritten)]: 0 },
  _header: null,
  _onPendingData: [Function: bound updateOutgoingData],
  _sent100: false,
  _expect_continue: false,
  req:
   IncomingMessage {
     _readableState:
      ReadableState {
        objectMode: false,
        highWaterMark: 16384,
        buffer: BufferList { head: null, tail: null, length: 0 },
        length: 0,
        pipes: null,
        pipesCount: 0,
        flowing: null,
        ended: false,
        endEmitted: false,
        reading: false,
        sync: true,
        needReadable: false,
        emittedReadable: false,
        readableListening: false,
        resumeScheduled: false,
        paused: true,
        emitClose: true,
        destroyed: false,
        defaultEncoding: 'utf8',
        awaitDrain: 0,
        readingMore: true,
        decoder: null,
        encoding: null },
     readable: true,
     _events:
      [Object: null prototype] { end: [Function: resetHeadersTimeoutOnReqEnd] },
     _eventsCount: 1,
     _maxListeners: undefined,
     socket:
      Socket {
        connecting: false,
        _hadError: false,
        _handle: [TCP],
        _parent: null,
        _host: null,
        _readableState: [ReadableState],
        readable: true,
        _events: [Object],
        _eventsCount: 8,
        _maxListeners: undefined,
        _writableState: [WritableState],
        writable: true,
        allowHalfOpen: true,
        _sockname: null,
        _pendingData: null,
        _pendingEncoding: '',
        server: [Server],
        _server: [Server],
        timeout: 120000,
        parser: [HTTPParser],
        on: [Function: socketOnWrap],
        _paused: false,
        _httpMessage: [Circular],
        [Symbol(asyncId)]: 2060,
        [Symbol(lastWriteQueueSize)]: 0,
        [Symbol(timeout)]:
         Timeout {
           _called: false,
           _idleTimeout: 120000,
           _idlePrev: [TimersList],
           _idleNext: [Timeout],
           _idleStart: 8059,
           _onTimeout: [Function: bound ],
           _timerArgs: undefined,
           _repeat: null,
           _destroyed: false,
           [Symbol(unrefed)]: true,
           [Symbol(asyncId)]: 117685,
           [Symbol(triggerId)]: 2062 },
        [Symbol(kBytesRead)]: 0,
        [Symbol(kBytesWritten)]: 0 },
     connection:
      Socket {
        connecting: false,
        _hadError: false,
        _handle: [TCP],
        _parent: null,
        _host: null,
        _readableState: [ReadableState],
        readable: true,
        _events: [Object],
        _eventsCount: 8,
        _maxListeners: undefined,
        _writableState: [WritableState],
        writable: true,
        allowHalfOpen: true,
        _sockname: null,
        _pendingData: null,
        _pendingEncoding: '',
        server: [Server],
        _server: [Server],
        timeout: 120000,
        parser: [HTTPParser],
        on: [Function: socketOnWrap],
        _paused: false,
        _httpMessage: [Circular],
        [Symbol(asyncId)]: 2060,
        [Symbol(lastWriteQueueSize)]: 0,
        [Symbol(timeout)]:
         Timeout {
           _called: false,
           _idleTimeout: 120000,
           _idlePrev: [TimersList],
           _idleNext: [Timeout],
           _idleStart: 8059,
           _onTimeout: [Function: bound ],
           _timerArgs: undefined,
           _repeat: null,
           _destroyed: false,
           [Symbol(unrefed)]: true,
           [Symbol(asyncId)]: 117685,
           [Symbol(triggerId)]: 2062 },
        [Symbol(kBytesRead)]: 0,
        [Symbol(kBytesWritten)]: 0 },
     httpVersionMajor: 1,
     httpVersionMinor: 1,
     httpVersion: '1.1',
     complete: false,
     headers:
      { host: 'localhost:8088',
        connection: 'keep-alive',
        accept: 'application/json, text/plain, */*',
        'user-agent':
         'Mozilla/5.0 (Windows NT 10.0; Win64; x64) AppleWebKit/537.36 (KHTML, like Gecko) Chrome/78.0.3904.70 Safari/537.36',
        'sec-fetch-site': 'same-origin',
        'sec-fetch-mode': 'cors',
        referer: 'http://localhost:8088/',
        'accept-encoding': 'gzip, deflate, br',
        'accept-language': 'zh-CN,zh;q=0.9',
        cookie:
         'JSESSIONID=51EA104411207BFF6B28C9C85507C9C3; loginUserName=admin1; _S=0; portal=http%3A%2F%2Flocalhost%3A8088%2Fportal; SSO_COOKIE_KEY=cb154785-b263-4bc6-a429-847224ee9fc1' },
     rawHeaders:
      [ 'Host',
        'localhost:8088',
        'Connection',
        'keep-alive',
        'Accept',
        'application/json, text/plain, */*',
        'User-Agent',
        'Mozilla/5.0 (Windows NT 10.0; Win64; x64) AppleWebKit/537.36 (KHTML, like Gecko) Chrome/78.0.3904.70 Safari/537.36',
        'Sec-Fetch-Site',
        'same-origin',
        'Sec-Fetch-Mode',
        'cors',
        'Referer',
        'http://localhost:8088/',
        'Accept-Encoding',
        'gzip, deflate, br',
        'Accept-Language',
        'zh-CN,zh;q=0.9',
        'Cookie',
        'JSESSIONID=51EA104411207BFF6B28C9C85507C9C3; loginUserName=admin1; _S=0; portal=http%3A%2F%2Flocalhost%3A8088%2Fportal; SSO_COOKIE_KEY=cb154785-b263-4bc6-a429-847224ee9fc1' ],
     trailers: {},
     rawTrailers: [],
     aborted: false,
     upgrade: false,
     url: '/portal/loginParams',
     method: 'GET',
     statusCode: null,
     statusMessage: null,
     client:
      Socket {
        connecting: false,
        _hadError: false,
        _handle: [TCP],
        _parent: null,
        _host: null,
        _readableState: [ReadableState],
        readable: true,
        _events: [Object],
        _eventsCount: 8,
        _maxListeners: undefined,
        _writableState: [WritableState],
        writable: true,
        allowHalfOpen: true,
        _sockname: null,
        _pendingData: null,
        _pendingEncoding: '',
        server: [Server],
        _server: [Server],
        timeout: 120000,
        parser: [HTTPParser],
        on: [Function: socketOnWrap],
        _paused: false,
        _httpMessage: [Circular],
        [Symbol(asyncId)]: 2060,
        [Symbol(lastWriteQueueSize)]: 0,
        [Symbol(timeout)]:
         Timeout {
           _called: false,
           _idleTimeout: 120000,
           _idlePrev: [TimersList],
           _idleNext: [Timeout],
           _idleStart: 8059,
           _onTimeout: [Function: bound ],
           _timerArgs: undefined,
           _repeat: null,
           _destroyed: false,
           [Symbol(unrefed)]: true,
           [Symbol(asyncId)]: 117685,
           [Symbol(triggerId)]: 2062 },
        [Symbol(kBytesRead)]: 0,
        [Symbol(kBytesWritten)]: 0 },
     _consuming: false,
     _dumped: false,
     next: [Function: next],
     baseUrl: '',
     originalUrl: '/portal/loginParams',
     _parsedUrl:
      Url {
        protocol: null,
        slashes: null,
        auth: null,
        host: null,
        port: null,
        hostname: null,
        hash: null,
        search: null,
        query: null,
        pathname: '/portal/loginParams',
        path: '/portal/loginParams',
        href: '/portal/loginParams',
        _raw: '/portal/loginParams' },
     params: {},
     query: {},
     res: [Circular],
     route: Route { path: '*', stack: [Array], methods: [Object] } },
  locals: [Object: null prototype] {},
  [Symbol(isCorked)]: false,
  [Symbol(outHeadersKey)]:
   [Object: null prototype] { 'x-powered-by': [ 'X-Powered-By', 'Express' ] } }
ServerResponse {
  _events:
   [Object: null prototype] { finish: [Function: bound resOnFinish] },
  _eventsCount: 1,
  _maxListeners: undefined,
  output: [],
  outputEncodings: [],
  outputCallbacks: [],
  outputSize: 0,
  writable: true,
  _last: false,
  chunkedEncoding: false,
  shouldKeepAlive: true,
  useChunkedEncodingByDefault: true,
  sendDate: true,
  _removedConnection: false,
  _removedContLen: false,
  _removedTE: false,
  _contentLength: null,
  _hasBody: true,
  _trailer: '',
  finished: false,
  _headerSent: false,
  socket:
   Socket {
     connecting: false,
     _hadError: false,
     _handle:
      TCP {
        reading: true,
        onread: [Function: onStreamRead],
        onconnection: null,
        _consumed: true,
        [Symbol(owner)]: [Circular] },
     _parent: null,
     _host: null,
     _readableState:
      ReadableState {
        objectMode: false,
        highWaterMark: 16384,
        buffer: BufferList { head: null, tail: null, length: 0 },
        length: 0,
        pipes: null,
        pipesCount: 0,
        flowing: true,
        ended: false,
        endEmitted: false,
        reading: true,
        sync: false,
        needReadable: true,
        emittedReadable: false,
        readableListening: false,
        resumeScheduled: false,
        paused: false,
        emitClose: false,
        destroyed: false,
        defaultEncoding: 'utf8',
        awaitDrain: 0,
        readingMore: false,
        decoder: null,
        encoding: null },
     readable: true,
     _events:
      [Object: null prototype] {
        end: [Array],
        drain: [Array],
        timeout: [Function: socketOnTimeout],
        data: [Function: bound socketOnData],
        error: [Function: socketOnError],
        close: [Array],
        resume: [Function: onSocketResume],
        pause: [Function: onSocketPause] },
     _eventsCount: 8,
     _maxListeners: undefined,
     _writableState:
      WritableState {
        objectMode: false,
        highWaterMark: 16384,
        finalCalled: false,
        needDrain: false,
        ending: false,
        ended: false,
        finished: false,
        destroyed: false,
        decodeStrings: false,
        defaultEncoding: 'utf8',
        length: 0,
        writing: false,
        corked: 0,
        sync: false,
        bufferProcessing: false,
        onwrite: [Function: bound onwrite],
        writecb: null,
        writelen: 0,
        bufferedRequest: null,
        lastBufferedRequest: null,
        pendingcb: 0,
        prefinished: false,
        errorEmitted: false,
        emitClose: false,
        bufferedRequestCount: 0,
        corkedRequestsFree: [Object] },
     writable: true,
     allowHalfOpen: true,
     _sockname: null,
     _pendingData: null,
     _pendingEncoding: '',
     server:
      Server {
        _events: [Object],
        _eventsCount: 3,
        _maxListeners: undefined,
        _connections: 5,
        _handle: [TCP],
        _usingWorkers: false,
        _workers: [],
        _unref: false,
        allowHalfOpen: true,
        pauseOnConnect: false,
        httpAllowHalfOpen: false,
        timeout: 120000,
        keepAliveTimeout: 5000,
        _pendingResponseData: 0,
        maxHeadersCount: null,
        headersTimeout: 40000,
        kill: [Function],
        _connectionKey: '4:127.0.0.1:8088',
        [Symbol(IncomingMessage)]: [Function],
        [Symbol(ServerResponse)]: [Function],
        [Symbol(asyncId)]: 41 },
     _server:
      Server {
        _events: [Object],
        _eventsCount: 3,
        _maxListeners: undefined,
        _connections: 5,
        _handle: [TCP],
        _usingWorkers: false,
        _workers: [],
        _unref: false,
        allowHalfOpen: true,
        pauseOnConnect: false,
        httpAllowHalfOpen: false,
        timeout: 120000,
        keepAliveTimeout: 5000,
        _pendingResponseData: 0,
        maxHeadersCount: null,
        headersTimeout: 40000,
        kill: [Function],
        _connectionKey: '4:127.0.0.1:8088',
        [Symbol(IncomingMessage)]: [Function],
        [Symbol(ServerResponse)]: [Function],
        [Symbol(asyncId)]: 41 },
     timeout: 120000,
     parser:
      HTTPParser {
        '0': [Function: parserOnHeaders],
        '1': [Function: parserOnHeadersComplete],
        '2': [Function: parserOnBody],
        '3': [Function: parserOnMessageComplete],
        '4': [Function: bound onParserExecute],
        _headers: [],
        _url: '',
        socket: [Circular],
        incoming: [IncomingMessage],
        outgoing: null,
        maxHeaderPairs: 2000,
        _consumed: true,
        onIncoming: [Function: bound parserOnIncoming],
        parsingHeadersStart: 0,
        [Symbol(isReused)]: false },
     on: [Function: socketOnWrap],
     _paused: false,
     _httpMessage: [Circular],
     [Symbol(asyncId)]: 118964,
     [Symbol(lastWriteQueueSize)]: 0,
     [Symbol(timeout)]:
      Timeout {
        _called: false,
        _idleTimeout: 120000,
        _idlePrev: [TimersList],
        _idleNext: [Timeout],
        _idleStart: 8211,
        _onTimeout: [Function: bound ],
        _timerArgs: undefined,
        _repeat: null,
        _destroyed: false,
        [Symbol(unrefed)]: true,
        [Symbol(asyncId)]: 119314,
        [Symbol(triggerId)]: 118966 },
     [Symbol(kBytesRead)]: 0,
     [Symbol(kBytesWritten)]: 0 },
  connection:
   Socket {
     connecting: false,
     _hadError: false,
     _handle:
      TCP {
        reading: true,
        onread: [Function: onStreamRead],
        onconnection: null,
        _consumed: true,
        [Symbol(owner)]: [Circular] },
     _parent: null,
     _host: null,
     _readableState:
      ReadableState {
        objectMode: false,
        highWaterMark: 16384,
        buffer: BufferList { head: null, tail: null, length: 0 },
        length: 0,
        pipes: null,
        pipesCount: 0,
        flowing: true,
        ended: false,
        endEmitted: false,
        reading: true,
        sync: false,
        needReadable: true,
        emittedReadable: false,
        readableListening: false,
        resumeScheduled: false,
        paused: false,
        emitClose: false,
        destroyed: false,
        defaultEncoding: 'utf8',
        awaitDrain: 0,
        readingMore: false,
        decoder: null,
        encoding: null },
     readable: true,
     _events:
      [Object: null prototype] {
        end: [Array],
        drain: [Array],
        timeout: [Function: socketOnTimeout],
        data: [Function: bound socketOnData],
        error: [Function: socketOnError],
        close: [Array],
        resume: [Function: onSocketResume],
        pause: [Function: onSocketPause] },
     _eventsCount: 8,
     _maxListeners: undefined,
     _writableState:
      WritableState {
        objectMode: false,
        highWaterMark: 16384,
        finalCalled: false,
        needDrain: false,
        ending: false,
        ended: false,
        finished: false,
        destroyed: false,
        decodeStrings: false,
        defaultEncoding: 'utf8',
        length: 0,
        writing: false,
        corked: 0,
        sync: false,
        bufferProcessing: false,
        onwrite: [Function: bound onwrite],
        writecb: null,
        writelen: 0,
        bufferedRequest: null,
        lastBufferedRequest: null,
        pendingcb: 0,
        prefinished: false,
        errorEmitted: false,
        emitClose: false,
        bufferedRequestCount: 0,
        corkedRequestsFree: [Object] },
     writable: true,
     allowHalfOpen: true,
     _sockname: null,
     _pendingData: null,
     _pendingEncoding: '',
     server:
      Server {
        _events: [Object],
        _eventsCount: 3,
        _maxListeners: undefined,
        _connections: 5,
        _handle: [TCP],
        _usingWorkers: false,
        _workers: [],
        _unref: false,
        allowHalfOpen: true,
        pauseOnConnect: false,
        httpAllowHalfOpen: false,
        timeout: 120000,
        keepAliveTimeout: 5000,
        _pendingResponseData: 0,
        maxHeadersCount: null,
        headersTimeout: 40000,
        kill: [Function],
        _connectionKey: '4:127.0.0.1:8088',
        [Symbol(IncomingMessage)]: [Function],
        [Symbol(ServerResponse)]: [Function],
        [Symbol(asyncId)]: 41 },
     _server:
      Server {
        _events: [Object],
        _eventsCount: 3,
        _maxListeners: undefined,
        _connections: 5,
        _handle: [TCP],
        _usingWorkers: false,
        _workers: [],
        _unref: false,
        allowHalfOpen: true,
        pauseOnConnect: false,
        httpAllowHalfOpen: false,
        timeout: 120000,
        keepAliveTimeout: 5000,
        _pendingResponseData: 0,
        maxHeadersCount: null,
        headersTimeout: 40000,
        kill: [Function],
        _connectionKey: '4:127.0.0.1:8088',
        [Symbol(IncomingMessage)]: [Function],
        [Symbol(ServerResponse)]: [Function],
        [Symbol(asyncId)]: 41 },
     timeout: 120000,
     parser:
      HTTPParser {
        '0': [Function: parserOnHeaders],
        '1': [Function: parserOnHeadersComplete],
        '2': [Function: parserOnBody],
        '3': [Function: parserOnMessageComplete],
        '4': [Function: bound onParserExecute],
        _headers: [],
        _url: '',
        socket: [Circular],
        incoming: [IncomingMessage],
        outgoing: null,
        maxHeaderPairs: 2000,
        _consumed: true,
        onIncoming: [Function: bound parserOnIncoming],
        parsingHeadersStart: 0,
        [Symbol(isReused)]: false },
     on: [Function: socketOnWrap],
     _paused: false,
     _httpMessage: [Circular],
     [Symbol(asyncId)]: 118964,
     [Symbol(lastWriteQueueSize)]: 0,
     [Symbol(timeout)]:
      Timeout {
        _called: false,
        _idleTimeout: 120000,
        _idlePrev: [TimersList],
        _idleNext: [Timeout],
        _idleStart: 8211,
        _onTimeout: [Function: bound ],
        _timerArgs: undefined,
        _repeat: null,
        _destroyed: false,
        [Symbol(unrefed)]: true,
        [Symbol(asyncId)]: 119314,
        [Symbol(triggerId)]: 118966 },
     [Symbol(kBytesRead)]: 0,
     [Symbol(kBytesWritten)]: 0 },
  _header: null,
  _onPendingData: [Function: bound updateOutgoingData],
  _sent100: false,
  _expect_continue: false,
  req:
   IncomingMessage {
     _readableState:
      ReadableState {
        objectMode: false,
        highWaterMark: 16384,
        buffer: BufferList { head: null, tail: null, length: 0 },
        length: 0,
        pipes: null,
        pipesCount: 0,
        flowing: null,
        ended: false,
        endEmitted: false,
        reading: false,
        sync: true,
        needReadable: false,
        emittedReadable: false,
        readableListening: false,
        resumeScheduled: false,
        paused: true,
        emitClose: true,
        destroyed: false,
        defaultEncoding: 'utf8',
        awaitDrain: 0,
        readingMore: true,
        decoder: null,
        encoding: null },
     readable: true,
     _events:
      [Object: null prototype] { end: [Function: resetHeadersTimeoutOnReqEnd] },
     _eventsCount: 1,
     _maxListeners: undefined,
     socket:
      Socket {
        connecting: false,
        _hadError: false,
        _handle: [TCP],
        _parent: null,
        _host: null,
        _readableState: [ReadableState],
        readable: true,
        _events: [Object],
        _eventsCount: 8,
        _maxListeners: undefined,
        _writableState: [WritableState],
        writable: true,
        allowHalfOpen: true,
        _sockname: null,
        _pendingData: null,
        _pendingEncoding: '',
        server: [Server],
        _server: [Server],
        timeout: 120000,
        parser: [HTTPParser],
        on: [Function: socketOnWrap],
        _paused: false,
        _httpMessage: [Circular],
        [Symbol(asyncId)]: 118964,
        [Symbol(lastWriteQueueSize)]: 0,
        [Symbol(timeout)]:
         Timeout {
           _called: false,
           _idleTimeout: 120000,
           _idlePrev: [TimersList],
           _idleNext: [Timeout],
           _idleStart: 8211,
           _onTimeout: [Function: bound ],
           _timerArgs: undefined,
           _repeat: null,
           _destroyed: false,
           [Symbol(unrefed)]: true,
           [Symbol(asyncId)]: 119314,
           [Symbol(triggerId)]: 118966 },
        [Symbol(kBytesRead)]: 0,
        [Symbol(kBytesWritten)]: 0 },
     connection:
      Socket {
        connecting: false,
        _hadError: false,
        _handle: [TCP],
        _parent: null,
        _host: null,
        _readableState: [ReadableState],
        readable: true,
        _events: [Object],
        _eventsCount: 8,
        _maxListeners: undefined,
        _writableState: [WritableState],
        writable: true,
        allowHalfOpen: true,
        _sockname: null,
        _pendingData: null,
        _pendingEncoding: '',
        server: [Server],
        _server: [Server],
        timeout: 120000,
        parser: [HTTPParser],
        on: [Function: socketOnWrap],
        _paused: false,
        _httpMessage: [Circular],
        [Symbol(asyncId)]: 118964,
        [Symbol(lastWriteQueueSize)]: 0,
        [Symbol(timeout)]:
         Timeout {
           _called: false,
           _idleTimeout: 120000,
           _idlePrev: [TimersList],
           _idleNext: [Timeout],
           _idleStart: 8211,
           _onTimeout: [Function: bound ],
           _timerArgs: undefined,
           _repeat: null,
           _destroyed: false,
           [Symbol(unrefed)]: true,
           [Symbol(asyncId)]: 119314,
           [Symbol(triggerId)]: 118966 },
        [Symbol(kBytesRead)]: 0,
        [Symbol(kBytesWritten)]: 0 },
     httpVersionMajor: 1,
     httpVersionMinor: 1,
     httpVersion: '1.1',
     complete: false,
     headers:
      { host: 'localhost:8088',
        connection: 'keep-alive',
        'user-agent':
         'Mozilla/5.0 (Windows NT 10.0; Win64; x64) AppleWebKit/537.36 (KHTML, like Gecko) Chrome/78.0.3904.70 Safari/537.36',
        accept: 'image/webp,image/apng,image/*,*/*;q=0.8',
        'sec-fetch-site': 'same-origin',
        'sec-fetch-mode': 'no-cors',
        referer: 'http://localhost:8088/',
        'accept-encoding': 'gzip, deflate, br',
        'accept-language': 'zh-CN,zh;q=0.9',
        cookie:
         'JSESSIONID=51EA104411207BFF6B28C9C85507C9C3; loginUserName=admin1; _S=0; portal=http%3A%2F%2Flocalhost%3A8088%2Fportal; SSO_COOKIE_KEY=cb154785-b263-4bc6-a429-847224ee9fc1' },
     rawHeaders:
      [ 'Host',
        'localhost:8088',
        'Connection',
        'keep-alive',
        'User-Agent',
        'Mozilla/5.0 (Windows NT 10.0; Win64; x64) AppleWebKit/537.36 (KHTML, like Gecko) Chrome/78.0.3904.70 Safari/537.36',
        'Accept',
        'image/webp,image/apng,image/*,*/*;q=0.8',
        'Sec-Fetch-Site',
        'same-origin',
        'Sec-Fetch-Mode',
        'no-cors',
        'Referer',
        'http://localhost:8088/',
        'Accept-Encoding',
        'gzip, deflate, br',
        'Accept-Language',
        'zh-CN,zh;q=0.9',
        'Cookie',
        'JSESSIONID=51EA104411207BFF6B28C9C85507C9C3; loginUserName=admin1; _S=0; portal=http%3A%2F%2Flocalhost%3A8088%2Fportal; SSO_COOKIE_KEY=cb154785-b263-4bc6-a429-847224ee9fc1' ],
     trailers: {},
     rawTrailers: [],
     aborted: false,
     upgrade: false,
     url: '/portal/verifyImage',
     method: 'GET',
     statusCode: null,
     statusMessage: null,
     client:
      Socket {
        connecting: false,
        _hadError: false,
        _handle: [TCP],
        _parent: null,
        _host: null,
        _readableState: [ReadableState],
        readable: true,
        _events: [Object],
        _eventsCount: 8,
        _maxListeners: undefined,
        _writableState: [WritableState],
        writable: true,
        allowHalfOpen: true,
        _sockname: null,
        _pendingData: null,
        _pendingEncoding: '',
        server: [Server],
        _server: [Server],
        timeout: 120000,
        parser: [HTTPParser],
        on: [Function: socketOnWrap],
        _paused: false,
        _httpMessage: [Circular],
        [Symbol(asyncId)]: 118964,
        [Symbol(lastWriteQueueSize)]: 0,
        [Symbol(timeout)]:
         Timeout {
           _called: false,
           _idleTimeout: 120000,
           _idlePrev: [TimersList],
           _idleNext: [Timeout],
           _idleStart: 8211,
           _onTimeout: [Function: bound ],
           _timerArgs: undefined,
           _repeat: null,
           _destroyed: false,
           [Symbol(unrefed)]: true,
           [Symbol(asyncId)]: 119314,
           [Symbol(triggerId)]: 118966 },
        [Symbol(kBytesRead)]: 0,
        [Symbol(kBytesWritten)]: 0 },
     _consuming: false,
     _dumped: false,
     next: [Function: next],
     baseUrl: '',
     originalUrl: '/portal/verifyImage',
     _parsedUrl:
      Url {
        protocol: null,
        slashes: null,
        auth: null,
        host: null,
        port: null,
        hostname: null,
        hash: null,
        search: null,
        query: null,
        pathname: '/portal/verifyImage',
        path: '/portal/verifyImage',
        href: '/portal/verifyImage',
        _raw: '/portal/verifyImage' },
     params: {},
     query: {},
     res: [Circular],
     route: Route { path: '*', stack: [Array], methods: [Object] } },
  locals: [Object: null prototype] {},
  [Symbol(isCorked)]: false,
  [Symbol(outHeadersKey)]:
   [Object: null prototype] { 'x-powered-by': [ 'X-Powered-By', 'Express' ] } }
